<?xml version="1.0"?>
<Locations>
  <Project>
    <vfs_file />
    <file_marker current="true" column=" 1" line=" 1" >
      <vfs_file>/home/robocop1/Dropbox/Robotics project/Naiad/BBB/software/test/test.gpr</vfs_file>
    </file_marker>
  </Project>
</Locations>
